<?xml version="1.0" encoding="UTF-8"?>
<!-- Generated by org.testng.reporters.JUnitReportReporter -->
<testsuite hostname="Windows-PC" failures="0" tests="1" name="test.Fblogintest" time="1.883" errors="0" timestamp="2023-04-04T15:11:30 GMT+05:30" skipped="0">
  <testcase classname="test.Fblogintest" name="test1" time="1.883"/>
  <system-out/>
</testsuite> <!-- test.Fblogintest -->
