<?xml version="1.0" encoding="UTF-8"?>
<!-- Generated by org.testng.reporters.JUnitReportReporter -->
<testsuite hostname="Windows-PC" failures="0" tests="1" name="testngpkg.DragandDrop" time="30.195" errors="0" timestamp="2023-06-13T20:02:33 GMT+05:30" skipped="0">
  <testcase classname="testngpkg.DragandDrop" name="draganddrop" time="30.195"/>
  <system-out/>
</testsuite> <!-- testngpkg.DragandDrop -->
