<?xml version="1.0" encoding="UTF-8"?>
<!-- Generated by org.testng.reporters.JUnitReportReporter -->
<testsuite hostname="Windows-PC" failures="0" tests="1" name="testngpkg.CopypasteRediff" time="6.357" errors="0" timestamp="2023-03-28T15:06:45 GMT+05:30" skipped="0">
  <testcase classname="testngpkg.CopypasteRediff" name="logotest" time="6.357"/>
  <system-out/>
</testsuite> <!-- testngpkg.CopypasteRediff -->
