<?xml version="1.0" encoding="UTF-8"?>
<!-- Generated by org.testng.reporters.JUnitReportReporter -->
<testsuite hostname="Windows-PC" failures="0" tests="1" name="testngpkg.RightclickandAlerthandle" time="9.574" errors="0" timestamp="2023-04-18T15:29:57 GMT+05:30" skipped="0">
  <testcase classname="testngpkg.RightclickandAlerthandle" name="rightclick" time="9.574"/>
  <system-out/>
</testsuite> <!-- testngpkg.RightclickandAlerthandle -->
