<?xml version="1.0" encoding="UTF-8"?>
<!-- Generated by org.testng.reporters.JUnitReportReporter -->
<testsuite hostname="Windows-PC" failures="0" tests="2" name="testngpkg.TestngGrouping" time="0.041" errors="0" timestamp="2023-03-23T15:23:54 GMT+05:30" skipped="0">
  <testcase classname="testngpkg.TestngGrouping" name="test1" time="0.035"/>
  <system-out/>
  <testcase classname="testngpkg.TestngGrouping" name="test2" time="0.006"/>
  <system-out/>
</testsuite> <!-- testngpkg.TestngGrouping -->
