<?xml version="1.0" encoding="UTF-8"?>
<!-- Generated by org.testng.reporters.JUnitReportReporter -->
<testsuite hostname="Windows-PC" failures="0" tests="1" name="test.Fbcreatepagetest" time="12.141" errors="0" timestamp="2023-04-04T15:11:30 GMT+05:30" skipped="0">
  <testcase classname="test.Fbcreatepagetest" name="test2" time="12.141"/>
  <system-out/>
</testsuite> <!-- test.Fbcreatepagetest -->
