<?xml version="1.0" encoding="UTF-8"?>
<!-- Generated by org.testng.reporters.JUnitReportReporter -->
<testsuite hostname="Windows-PC" failures="0" tests="1" name="testngpkg.Sauce" time="7.748" errors="0" timestamp="2023-06-14T11:28:03 GMT+05:30" skipped="0">
  <testcase classname="testngpkg.Sauce" name="test" time="7.748"/>
  <system-out/>
</testsuite> <!-- testngpkg.Sauce -->
